  ColliderComponent.cpp
  Game.cpp
  GameScreen.cpp
  main.cpp
  Player.cpp
  ScreenHandler.cpp
  Unit.cpp
  TileMap.cpp
S:\Our Game\PlagueOrigins\PlagueOrigins\TileMap.cpp(26,69): error C2664: 'bool ColliderComponent::checkCollision(ColliderComponent &,float)': cannot convert argument 1 from 'ColliderComponent' to 'ColliderComponent &'
S:\Our Game\PlagueOrigins\PlagueOrigins\TileMap.cpp(26,61): message : A non-const reference may only be bound to an lvalue
  TileMapLoader.cpp
S:\Our Game\PlagueOrigins\PlagueOrigins\ColliderComponent.h(12,7): message : see declaration of 'ColliderComponent::checkCollision'
  Generating Code...
S:\Our Game\PlagueOrigins\PlagueOrigins\TileMapLoader.cpp(132,21): warning C4267: '=': conversion from 'size_t' to 'unsigned int', possible loss of data

Project Performance Summary:
     6595 ms  S:\Our Game\PlagueOrigins\PlagueOrigins\PlagueOrigins.vcxproj   1 calls
               6595 ms  Build                                      1 calls

Target Performance Summary:
        0 ms  BuildGenerateSourcesTraverse               1 calls
        0 ms  ResolveReferences                          1 calls
        0 ms  BuildCompileTraverse                       1 calls
        0 ms  SelectClCompile                            1 calls
        0 ms  BeforeBuildGenerateSources                 1 calls
        0 ms  PreBuildEvent                              1 calls
        0 ms  _SelectedFiles                             1 calls
        0 ms  SelectCustomBuild                          1 calls
        0 ms  AfterResolveReferences                     1 calls
        0 ms  ComputeCustomBuildOutput                   1 calls
        0 ms  CopyFileToFolders                          1 calls
        0 ms  _Xsd                                       1 calls
        0 ms  MakeDirsForMidl                            1 calls
        0 ms  ComputeMIDLGeneratedCompileInputs          1 calls
        0 ms  AfterMidl                                  1 calls
        0 ms  _Midl                                      1 calls
        0 ms  AfterBuildGenerateSources                  1 calls
        0 ms  BuildGenerateSources                       1 calls
        0 ms  ResolveAssemblyReferences                  1 calls
        0 ms  _HandlePackageFileConflicts                1 calls
        0 ms  ExpandSDKReferences                        1 calls
        0 ms  SetTelemetryEnvironmentVariables           1 calls
        0 ms  _PrepareForBuild                           1 calls
        0 ms  _PrepareForReferenceResolution             1 calls
        0 ms  BeforeResolveReferences                    1 calls
        0 ms  AssignProjectConfiguration                 1 calls
        0 ms  _SplitProjectReferencesByFileExistence     1 calls
        0 ms  ComputeCLInputPDBName                      1 calls
        0 ms  PrepareProjectReferences                   1 calls
        0 ms  ResolveProjectReferences                   1 calls
        0 ms  GetFrameworkPaths                          1 calls
        0 ms  GetReferenceAssemblyPaths                  1 calls
        0 ms  BeforeClCompile                            1 calls
        0 ms  GetResolvedWinMD                           1 calls
        0 ms  _CheckWindowsSDKInstalled                  1 calls
        0 ms  SetCABuildNativeEnvironmentVariables       1 calls
        0 ms  MakeDirsForCl                              1 calls
        0 ms  ResolveSDKReferences                       1 calls
        0 ms  AfterBuildGenerateSourcesEvent             1 calls
        0 ms  _BuildGenerateSourcesAction                1 calls
        1 ms  InitializeBuildStatus                      1 calls
        1 ms  SetBuildDefaultEnvironmentVariables        1 calls
        1 ms  ComputeReferenceCLInput                    1 calls
        1 ms  WarnCompileDuplicatedFilename              1 calls
        1 ms  FixupCLCompileOptions                      1 calls
        1 ms  _GetProjectReferenceTargetFrameworkProperties   1 calls
        1 ms  CustomBuild                                1 calls
        2 ms  _CheckForInvalidConfigurationAndPlatform   1 calls
        2 ms  PrepareForBuild                            1 calls
     6581 ms  ClCompile                                  1 calls

Task Performance Summary:
        0 ms  Message                                    2 calls
        0 ms  AssignProjectConfiguration                 1 calls
        0 ms  MakeDir                                    5 calls
        0 ms  CheckVCToolsetVersion                      1 calls
        0 ms  ResolvePackageFileConflicts                1 calls
        0 ms  WriteLinesToFile                           1 calls
        0 ms  Touch                                      1 calls
        1 ms  ReadLinesFromFile                          1 calls
        1 ms  SetEnv                                     8 calls
        1 ms  MSBuild                                    1 calls
        1 ms  GetOutOfDateItems                          3 calls
     6579 ms  CL                                         1 calls
